2024-10-11 13:46:11,308 - [mainLogger] - INFO - main intializing
2024-10-11 13:46:21,180 - [mainLogger] - INFO - bot True
2024-10-11 14:17:14,298 - [mainLogger] - INFO - main intializing
2024-10-11 14:17:23,070 - [mainLogger] - INFO - bot True
2024-10-11 14:26:21,102 - [mainLogger] - INFO - main intializing
2024-10-11 14:26:29,852 - [mainLogger] - INFO - bot True
2024-10-11 14:30:34,870 - [mainLogger] - INFO - main intializing
2024-10-11 14:30:43,376 - [mainLogger] - INFO - bot True
2024-10-11 15:20:19,203 - [mainLogger] - INFO - main intializing
2024-10-11 15:20:27,809 - [mainLogger] - INFO - bot True
2024-10-11 15:40:33,841 - [mainLogger] - INFO - main intializing
2024-10-11 15:41:22,809 - [mainLogger] - INFO - main intializing
2024-10-11 15:41:31,448 - [mainLogger] - INFO - bot True
2024-10-11 15:41:31,449 - [mainLogger] - INFO - ball is start
2024-10-11 15:41:33,146 - [mainLogger] - INFO - ball is start
2024-10-11 15:41:34,229 - [mainLogger] - INFO - ball is start
2024-10-11 15:41:35,402 - [mainLogger] - INFO - ball is start
2024-10-11 15:41:36,469 - [mainLogger] - INFO - ball is start
2024-10-11 15:41:37,665 - [mainLogger] - INFO - walk is start
2024-10-11 15:41:40,551 - [mainLogger] - INFO - walk is start
2024-10-11 15:41:43,463 - [mainLogger] - INFO - walk is start
2024-10-11 15:41:46,304 - [mainLogger] - INFO - walk is start
2024-10-11 15:41:51,750 - [mainLogger] - INFO - flag is start
2024-10-11 15:41:52,257 - [mainLogger] - INFO - flag is start
2024-10-11 15:41:52,421 - [mainLogger] - INFO - flag is start
2024-10-11 15:41:52,573 - [mainLogger] - INFO - flag is start
2024-10-11 15:41:52,727 - [mainLogger] - INFO - flag is start
2024-10-11 15:41:52,872 - [mainLogger] - INFO - flag is start
2024-10-11 15:41:53,032 - [mainLogger] - INFO - flag is start
2024-10-11 15:41:56,523 - [mainLogger] - INFO - flag is start
2024-10-11 15:41:56,959 - [mainLogger] - INFO - flag is start
2024-10-11 15:41:57,113 - [mainLogger] - INFO - flag is start
2024-10-11 15:41:57,284 - [mainLogger] - INFO - flag is start
2024-10-11 15:41:57,470 - [mainLogger] - INFO - flag is start
2024-10-11 15:41:57,614 - [mainLogger] - INFO - flag is start
2024-10-11 15:41:57,765 - [mainLogger] - INFO - flag is start
2024-10-11 15:41:57,930 - [mainLogger] - INFO - flag is start
2024-10-11 15:41:58,408 - [mainLogger] - INFO - flag is start
2024-10-11 15:41:58,559 - [mainLogger] - INFO - flag is start
2024-10-11 15:41:58,713 - [mainLogger] - INFO - flag is start
2024-10-11 15:41:58,873 - [mainLogger] - INFO - flag is start
2024-10-11 15:41:59,007 - [mainLogger] - INFO - flag is start
2024-10-11 15:41:59,163 - [mainLogger] - INFO - flag is start
2024-10-11 15:42:02,630 - [mainLogger] - INFO - flag is start
2024-10-11 15:42:04,304 - [mainLogger] - INFO - flag is start
2024-10-11 15:42:05,966 - [mainLogger] - INFO - flag is start
2024-10-11 15:42:07,621 - [mainLogger] - INFO - flag is start
2024-10-11 15:42:09,291 - [mainLogger] - INFO - flag is start
2024-10-11 15:42:10,983 - [mainLogger] - INFO - flag is start
2024-10-11 15:42:12,678 - [mainLogger] - INFO - flag is start
2024-10-11 15:42:14,377 - [mainLogger] - INFO - flag is start
2024-10-11 15:42:16,061 - [mainLogger] - INFO - flag is start
2024-10-11 15:42:17,719 - [mainLogger] - INFO - flag is start
2024-10-11 15:42:18,158 - [mainLogger] - INFO - flag is start
2024-10-11 15:42:21,627 - [mainLogger] - INFO - flag is start
2024-10-11 15:42:23,280 - [mainLogger] - INFO - flag is start
2024-10-11 15:42:24,940 - [mainLogger] - INFO - flag is start
2024-10-11 15:42:26,590 - [mainLogger] - INFO - flag is start
2024-10-11 15:42:28,236 - [mainLogger] - INFO - flag is start
2024-10-11 15:42:29,886 - [mainLogger] - INFO - flag is start
2024-10-11 15:42:30,350 - [mainLogger] - INFO - flag is start
2024-10-11 15:42:30,495 - [mainLogger] - INFO - flag is start
2024-10-11 15:42:33,986 - [mainLogger] - INFO - flag is start
2024-10-11 15:42:35,665 - [mainLogger] - INFO - flag is start
2024-10-11 15:42:37,313 - [mainLogger] - INFO - flag is start
2024-10-11 15:42:38,969 - [mainLogger] - INFO - flag is start
2024-10-11 15:42:40,642 - [mainLogger] - INFO - flag is start
2024-10-11 15:42:42,306 - [mainLogger] - INFO - flag is start
2024-10-11 15:42:43,957 - [mainLogger] - INFO - flag is start
2024-10-11 15:42:45,604 - [mainLogger] - INFO - flag is start
2024-10-11 15:42:47,246 - [mainLogger] - INFO - flag is start
2024-10-11 15:42:48,905 - [mainLogger] - INFO - flag is start
2024-10-11 15:42:50,564 - [mainLogger] - INFO - flag is start
2024-10-11 15:42:51,019 - [mainLogger] - INFO - flag is start
2024-10-11 15:42:54,495 - [mainLogger] - INFO - flag is start
2024-10-11 15:42:56,157 - [mainLogger] - INFO - flag is start
2024-10-11 15:42:57,821 - [mainLogger] - INFO - flag is start
2024-10-11 15:42:59,471 - [mainLogger] - INFO - flag is start
2024-10-11 15:43:01,129 - [mainLogger] - INFO - flag is start
2024-10-11 15:43:01,594 - [mainLogger] - INFO - flag is start
2024-10-11 15:43:01,737 - [mainLogger] - INFO - flag is start
2024-10-11 15:43:01,900 - [mainLogger] - INFO - flag is start
2024-10-11 15:43:02,060 - [mainLogger] - INFO - flag is start
2024-10-11 15:43:02,240 - [mainLogger] - INFO - flag is start
2024-10-25 17:29:58,370 - [mainLogger] - INFO - main intializing
2024-10-25 17:30:08,331 - [mainLogger] - INFO - bot True
2024-10-25 17:30:08,332 - [mainLogger] - INFO - flag is start
2024-10-25 17:30:09,128 - [mainLogger] - INFO - flag is start
2024-10-25 17:30:19,262 - [mainLogger] - INFO - flag is start
2024-10-25 17:30:19,778 - [mainLogger] - INFO - flag is start
2024-10-25 17:30:19,928 - [mainLogger] - INFO - flag is start
2024-10-25 17:30:20,079 - [mainLogger] - INFO - flag is start
2024-10-25 17:30:20,264 - [mainLogger] - INFO - flag is start
2024-10-25 17:30:20,427 - [mainLogger] - INFO - flag is start
2024-10-25 17:30:20,576 - [mainLogger] - INFO - flag is start
2024-10-25 17:30:20,727 - [mainLogger] - INFO - flag is start
2024-10-25 17:30:21,175 - [mainLogger] - INFO - flag is start
2024-10-25 17:30:21,320 - [mainLogger] - INFO - flag is start
2024-10-25 17:30:21,473 - [mainLogger] - INFO - flag is start
2024-10-25 17:30:21,619 - [mainLogger] - INFO - flag is start
2024-10-25 17:30:21,805 - [mainLogger] - INFO - flag is start
2024-10-25 17:30:21,956 - [mainLogger] - INFO - flag is start
2024-10-25 17:30:22,100 - [mainLogger] - INFO - flag is start
2024-10-25 17:30:22,556 - [mainLogger] - INFO - flag is start
2024-10-25 17:30:22,752 - [mainLogger] - INFO - flag is start
2024-10-25 17:30:22,908 - [mainLogger] - INFO - flag is start
2024-10-25 17:30:23,053 - [mainLogger] - INFO - flag is start
2024-10-25 17:30:23,207 - [mainLogger] - INFO - flag is start
2024-10-25 17:30:23,353 - [mainLogger] - INFO - flag is start
2024-10-25 17:30:23,526 - [mainLogger] - INFO - flag is start
2024-10-25 17:30:23,982 - [mainLogger] - INFO - flag is start
2024-10-25 17:30:24,118 - [mainLogger] - INFO - flag is start
2024-10-25 17:30:24,309 - [mainLogger] - INFO - flag is start
2024-10-25 17:30:24,452 - [mainLogger] - INFO - flag is start
2024-10-25 17:30:24,594 - [mainLogger] - INFO - flag is start
2024-10-25 17:30:24,746 - [mainLogger] - INFO - flag is start
2024-10-25 17:30:24,901 - [mainLogger] - INFO - flag is start
2024-10-25 17:30:25,354 - [mainLogger] - INFO - flag is start
2024-10-25 17:30:25,500 - [mainLogger] - INFO - flag is start
2024-10-25 17:30:25,652 - [mainLogger] - INFO - flag is start
2024-10-25 17:30:25,838 - [mainLogger] - INFO - flag is start
2024-10-25 17:30:26,003 - [mainLogger] - INFO - flag is start
2024-10-25 17:30:26,152 - [mainLogger] - INFO - flag is start
2024-10-25 17:30:26,302 - [mainLogger] - INFO - flag is start
2024-10-25 17:30:26,754 - [mainLogger] - INFO - flag is start
2024-10-25 17:30:26,902 - [mainLogger] - INFO - flag is start
2024-10-25 17:30:27,063 - [mainLogger] - INFO - flag is start
2024-10-25 17:30:27,234 - [mainLogger] - INFO - flag is start
2024-10-25 17:30:27,403 - [mainLogger] - INFO - flag is start
2024-10-25 17:30:27,559 - [mainLogger] - INFO - flag is start
2024-10-25 17:30:27,712 - [mainLogger] - INFO - flag is start
2024-10-25 17:30:28,174 - [mainLogger] - INFO - flag is start
2024-10-25 17:30:28,324 - [mainLogger] - INFO - flag is start
2024-10-25 17:30:28,473 - [mainLogger] - INFO - flag is start
2024-10-25 17:30:28,626 - [mainLogger] - INFO - flag is start
2024-10-25 17:30:28,778 - [mainLogger] - INFO - flag is start
2024-10-25 17:30:28,929 - [mainLogger] - INFO - flag is start
2024-10-25 17:30:29,095 - [mainLogger] - INFO - flag is start
2024-10-25 17:30:29,550 - [mainLogger] - INFO - flag is start
2024-10-25 17:30:32,004 - [mainLogger] - INFO - main intializing
2024-10-25 17:30:42,015 - [mainLogger] - INFO - bot True
2024-10-25 17:30:42,015 - [mainLogger] - INFO - flag is start
2024-10-25 17:30:42,801 - [mainLogger] - INFO - flag is start
2024-10-25 17:34:30,580 - [mainLogger] - INFO - main intializing
2024-10-25 17:34:39,557 - [mainLogger] - INFO - bot True
2024-10-25 17:34:39,557 - [mainLogger] - INFO - ball is start
2024-10-25 17:34:40,945 - [mainLogger] - INFO - ball is start
2024-10-25 17:34:41,990 - [mainLogger] - INFO - ball is start
2024-10-25 17:34:43,096 - [mainLogger] - INFO - ball is start
2024-10-25 17:34:44,180 - [mainLogger] - INFO - ball is start
2024-10-25 17:34:45,386 - [mainLogger] - INFO - walk is start
2024-10-25 17:35:54,407 - [mainLogger] - INFO - main intializing
2024-10-25 17:36:03,401 - [mainLogger] - INFO - bot True
2024-10-25 17:36:03,402 - [mainLogger] - INFO - ball is start
2024-10-25 17:36:04,708 - [mainLogger] - INFO - ball is start
2024-10-25 17:36:05,778 - [mainLogger] - INFO - ball is start
2024-10-25 17:36:06,891 - [mainLogger] - INFO - ball is start
2024-10-25 17:36:07,980 - [mainLogger] - INFO - ball is start
2024-10-25 17:36:09,180 - [mainLogger] - INFO - walk is start
2024-10-25 17:36:12,076 - [mainLogger] - INFO - walk is start
2024-10-25 17:36:14,970 - [mainLogger] - INFO - walk is start
2024-10-25 17:36:20,479 - [mainLogger] - INFO - flag is start
2024-10-25 17:36:20,959 - [mainLogger] - INFO - flag is start
2024-10-25 17:36:21,098 - [mainLogger] - INFO - flag is start
2024-10-25 17:36:25,787 - [mainLogger] - INFO - flag is start
2024-10-25 17:36:30,502 - [mainLogger] - INFO - flag is start
2024-10-25 17:36:30,648 - [mainLogger] - INFO - flag is start
2024-10-25 17:36:30,800 - [mainLogger] - INFO - flag is start
2024-10-25 17:36:30,948 - [mainLogger] - INFO - flag is start
2024-10-25 17:36:31,101 - [mainLogger] - INFO - flag is start
2024-10-25 17:36:31,262 - [mainLogger] - INFO - flag is start
2024-10-25 17:36:31,424 - [mainLogger] - INFO - flag is start
2024-10-25 17:36:31,876 - [mainLogger] - INFO - flag is start
2024-10-25 17:36:32,018 - [mainLogger] - INFO - flag is start
2024-10-25 17:36:32,170 - [mainLogger] - INFO - flag is start
2024-10-25 17:36:32,320 - [mainLogger] - INFO - flag is start
2024-10-25 17:36:37,600 - [mainLogger] - INFO - flag is start
2024-10-25 17:40:23,027 - [mainLogger] - INFO - main intializing
2024-10-25 17:40:32,084 - [mainLogger] - INFO - bot True
2024-10-25 17:40:32,085 - [mainLogger] - INFO - ball is start
2024-10-25 17:40:33,472 - [mainLogger] - INFO - ball is start
2024-10-25 17:40:34,522 - [mainLogger] - INFO - ball is start
2024-10-25 17:40:35,668 - [mainLogger] - INFO - ball is start
2024-10-25 17:40:36,792 - [mainLogger] - INFO - ball is start
2024-10-25 17:40:37,957 - [mainLogger] - INFO - walk is start
2024-10-25 17:40:40,857 - [mainLogger] - INFO - walk is start
2024-10-25 17:40:43,755 - [mainLogger] - INFO - walk is start
2024-10-25 17:40:49,266 - [mainLogger] - INFO - flag is start
2024-10-25 17:40:49,760 - [mainLogger] - INFO - flag is start
2024-10-25 17:40:49,902 - [mainLogger] - INFO - flag is start
2024-10-25 17:40:54,587 - [mainLogger] - INFO - flag is start
2024-10-25 17:40:56,297 - [mainLogger] - INFO - flag is start
2024-10-25 17:40:58,020 - [mainLogger] - INFO - flag is start
2024-10-25 17:40:59,711 - [mainLogger] - INFO - flag is start
2024-10-25 17:41:01,419 - [mainLogger] - INFO - flag is start
2024-10-25 17:41:03,130 - [mainLogger] - INFO - flag is start
2024-10-25 17:41:04,786 - [mainLogger] - INFO - flag is start
2024-10-25 17:41:06,480 - [mainLogger] - INFO - flag is start
2024-10-25 17:41:08,185 - [mainLogger] - INFO - flag is start
2024-10-25 17:41:09,887 - [mainLogger] - INFO - flag is start
2024-10-25 17:41:11,613 - [mainLogger] - INFO - flag is start
2024-10-25 17:41:13,331 - [mainLogger] - INFO - flag is start
2024-10-25 17:41:15,015 - [mainLogger] - INFO - flag is start
2024-10-25 17:41:16,723 - [mainLogger] - INFO - flag is start
2024-10-25 17:41:18,426 - [mainLogger] - INFO - flag is start
2024-10-25 17:41:20,535 - [mainLogger] - INFO - ready is start
2024-10-25 17:41:25,543 - [mainLogger] - INFO - ready is start
2024-10-25 17:41:27,333 - [mainLogger] - INFO - ball is start
2024-10-25 17:41:27,845 - [mainLogger] - INFO - ball is start
2024-10-25 17:41:27,989 - [mainLogger] - INFO - ball is start
2024-10-25 17:41:28,141 - [mainLogger] - INFO - ball is start
2024-10-25 17:41:28,321 - [mainLogger] - INFO - ball is start
2024-10-25 17:41:28,466 - [mainLogger] - INFO - ball is start
2024-10-25 17:41:28,611 - [mainLogger] - INFO - ball is start
2024-10-25 17:41:28,761 - [mainLogger] - INFO - ball is start
2024-10-25 17:41:29,215 - [mainLogger] - INFO - ball is start
2024-10-25 17:41:29,363 - [mainLogger] - INFO - ball is start
2024-10-25 17:41:29,516 - [mainLogger] - INFO - ball is start
2024-10-25 17:41:29,666 - [mainLogger] - INFO - ball is start
2024-10-25 17:41:29,845 - [mainLogger] - INFO - ball is start
2024-10-25 17:41:31,498 - [mainLogger] - INFO - ball is start
2024-10-25 17:41:32,595 - [mainLogger] - INFO - ball is start
2024-10-25 17:41:33,695 - [mainLogger] - INFO - ball is start
2024-10-25 17:41:34,797 - [mainLogger] - INFO - ball is start
2024-10-25 17:41:35,870 - [mainLogger] - INFO - ball is start
2024-10-25 17:41:36,965 - [mainLogger] - INFO - ball is start
2024-10-25 17:41:38,067 - [mainLogger] - INFO - ball is start
2024-10-25 17:41:39,156 - [mainLogger] - INFO - ball is start
2024-10-25 17:41:40,269 - [mainLogger] - INFO - ball is start
2024-10-25 17:41:41,367 - [mainLogger] - INFO - ball is start
2024-10-25 17:41:42,443 - [mainLogger] - INFO - ball is start
2024-10-25 17:41:43,542 - [mainLogger] - INFO - ball is start
2024-10-25 17:41:44,636 - [mainLogger] - INFO - ball is start
2024-10-25 17:41:45,732 - [mainLogger] - INFO - ball is start
2024-10-25 17:41:46,812 - [mainLogger] - INFO - ball is start
2024-10-25 17:41:47,894 - [mainLogger] - INFO - ball is start
2024-10-25 17:41:48,986 - [mainLogger] - INFO - ball is start
2024-10-25 17:41:50,081 - [mainLogger] - INFO - ball is start
2024-10-25 17:41:51,282 - [mainLogger] - INFO - walk is start
2024-10-25 17:41:54,184 - [mainLogger] - INFO - walk is start
2024-10-25 17:41:59,704 - [mainLogger] - INFO - flag is start
2024-10-25 17:42:01,411 - [mainLogger] - INFO - flag is start
2024-10-25 17:42:03,138 - [mainLogger] - INFO - flag is start
2024-10-25 17:42:04,847 - [mainLogger] - INFO - flag is start
2024-10-25 17:42:06,558 - [mainLogger] - INFO - flag is start
2024-10-25 17:42:08,265 - [mainLogger] - INFO - flag is start
2024-10-25 17:42:09,987 - [mainLogger] - INFO - flag is start
2024-10-25 17:42:11,704 - [mainLogger] - INFO - flag is start
2024-10-25 17:42:13,380 - [mainLogger] - INFO - flag is start
2024-10-25 17:42:15,084 - [mainLogger] - INFO - flag is start
2024-10-25 17:42:16,788 - [mainLogger] - INFO - flag is start
2024-10-25 17:42:18,495 - [mainLogger] - INFO - flag is start
2024-10-25 17:42:20,210 - [mainLogger] - INFO - flag is start
2024-10-25 17:42:21,941 - [mainLogger] - INFO - flag is start
2024-10-25 17:42:23,666 - [mainLogger] - INFO - flag is start
2024-10-25 17:42:25,378 - [mainLogger] - INFO - flag is start
2024-10-25 17:42:27,093 - [mainLogger] - INFO - flag is start
2024-10-25 17:42:28,808 - [mainLogger] - INFO - flag is start
2024-10-25 17:42:30,500 - [mainLogger] - INFO - flag is start
2024-10-25 17:42:32,205 - [mainLogger] - INFO - flag is start
2024-10-25 17:42:33,920 - [mainLogger] - INFO - flag is start
2024-10-25 17:42:36,023 - [mainLogger] - INFO - ready is start
2024-10-25 17:42:37,525 - [mainLogger] - INFO - hit is start
2024-10-25 17:42:37,996 - [mainLogger] - INFO - hit is start
2024-10-25 17:42:44,763 - [mainLogger] - INFO - hit is start
2024-10-25 17:42:45,251 - [mainLogger] - INFO - hit is start
2024-10-25 17:42:52,344 - [mainLogger] - INFO - hit is start
2024-10-25 17:42:52,809 - [mainLogger] - INFO - hit is start
2024-10-25 17:42:52,977 - [mainLogger] - INFO - hit is start
2024-10-25 17:43:00,073 - [mainLogger] - INFO - hit is start
2024-10-25 17:43:00,578 - [mainLogger] - INFO - hit is start
2024-10-25 17:43:07,662 - [mainLogger] - INFO - hit is start
2024-10-25 17:43:08,158 - [mainLogger] - INFO - hit is start
2024-10-25 17:43:08,302 - [mainLogger] - INFO - hit is start
2024-10-25 17:47:21,139 - [mainLogger] - INFO - main intializing
2024-10-25 17:47:30,221 - [mainLogger] - INFO - bot True
2024-10-25 17:47:30,224 - [mainLogger] - INFO - ball is start
2024-10-25 17:47:31,571 - [mainLogger] - INFO - ball is start
2024-10-25 17:47:32,721 - [mainLogger] - INFO - ball is start
2024-10-25 17:47:33,798 - [mainLogger] - INFO - ball is start
2024-10-25 17:47:34,877 - [mainLogger] - INFO - ball is start
2024-10-25 17:47:36,080 - [mainLogger] - INFO - walk is start
2024-10-25 17:47:38,975 - [mainLogger] - INFO - walk is start
2024-10-25 17:47:41,879 - [mainLogger] - INFO - walk is start
2024-10-25 17:47:47,362 - [mainLogger] - INFO - flag is start
2024-10-25 17:47:47,863 - [mainLogger] - INFO - flag is start
2024-10-25 17:47:48,018 - [mainLogger] - INFO - flag is start
2024-10-25 17:47:52,703 - [mainLogger] - INFO - flag is start
2024-10-25 17:47:54,410 - [mainLogger] - INFO - flag is start
2024-10-25 17:47:56,122 - [mainLogger] - INFO - flag is start
2024-10-25 17:47:57,829 - [mainLogger] - INFO - flag is start
2024-10-25 17:47:59,539 - [mainLogger] - INFO - flag is start
2024-10-25 17:48:01,221 - [mainLogger] - INFO - flag is start
2024-10-25 17:48:02,934 - [mainLogger] - INFO - flag is start
2024-10-25 17:48:04,641 - [mainLogger] - INFO - flag is start
2024-10-25 17:48:06,349 - [mainLogger] - INFO - flag is start
2024-10-25 17:48:08,068 - [mainLogger] - INFO - flag is start
2024-10-25 17:48:09,790 - [mainLogger] - INFO - flag is start
2024-10-25 17:48:11,465 - [mainLogger] - INFO - flag is start
2024-10-25 17:48:13,169 - [mainLogger] - INFO - flag is start
2024-10-25 17:48:14,884 - [mainLogger] - INFO - flag is start
2024-10-25 17:48:16,594 - [mainLogger] - INFO - flag is start
2024-10-25 17:48:18,308 - [mainLogger] - INFO - flag is start
2024-10-25 17:48:20,023 - [mainLogger] - INFO - flag is start
2024-10-25 17:48:21,751 - [mainLogger] - INFO - flag is start
2024-10-25 17:48:23,863 - [mainLogger] - INFO - ready is start
2024-10-25 17:53:41,893 - [mainLogger] - INFO - main intializing
2024-10-25 19:02:03,003 - [mainLogger] - INFO - main intializing
2024-10-25 19:02:12,760 - [mainLogger] - INFO - bot True
2024-10-25 19:02:12,761 - [mainLogger] - INFO - ball is start
2024-10-25 19:02:14,232 - [mainLogger] - INFO - ball is start
2024-10-25 19:02:15,345 - [mainLogger] - INFO - ball is start
2024-10-25 19:02:16,620 - [mainLogger] - INFO - walk is start
2024-10-25 19:02:19,523 - [mainLogger] - INFO - walk is start
2024-10-25 19:02:22,414 - [mainLogger] - INFO - walk is start
2024-10-25 19:02:27,926 - [mainLogger] - INFO - flag is start
2024-10-25 19:02:28,416 - [mainLogger] - INFO - flag is start
2024-10-25 19:02:28,567 - [mainLogger] - INFO - flag is start
2024-10-25 19:02:33,250 - [mainLogger] - INFO - flag is start
2024-10-25 19:02:34,934 - [mainLogger] - INFO - flag is start
2024-10-25 19:02:36,640 - [mainLogger] - INFO - flag is start
2024-10-25 19:02:38,339 - [mainLogger] - INFO - flag is start
2024-10-25 19:02:40,043 - [mainLogger] - INFO - flag is start
2024-10-25 19:02:41,735 - [mainLogger] - INFO - flag is start
2024-10-25 19:02:43,846 - [mainLogger] - INFO - ready is start
2024-10-25 19:09:27,602 - [mainLogger] - INFO - main intializing
2024-10-25 19:09:36,662 - [mainLogger] - INFO - bot True
2024-10-25 19:09:36,662 - [mainLogger] - INFO - ball is start
2024-10-25 19:09:38,043 - [mainLogger] - INFO - ball is start
2024-10-25 19:09:39,222 - [mainLogger] - INFO - ball is start
2024-10-25 19:09:40,292 - [mainLogger] - INFO - ball is start
2024-10-25 19:09:41,369 - [mainLogger] - INFO - ball is start
2024-10-25 19:09:42,566 - [mainLogger] - INFO - walk is start
2024-10-25 19:09:45,460 - [mainLogger] - INFO - walk is start
2024-10-25 19:09:48,356 - [mainLogger] - INFO - walk is start
2024-10-25 19:09:53,866 - [mainLogger] - INFO - flag is start
2024-10-25 19:09:54,336 - [mainLogger] - INFO - flag is start
2024-10-25 19:09:54,482 - [mainLogger] - INFO - flag is start
2024-10-25 19:09:59,157 - [mainLogger] - INFO - flag is start
2024-10-25 19:10:00,865 - [mainLogger] - INFO - flag is start
2024-10-25 19:10:02,557 - [mainLogger] - INFO - flag is start
2024-10-25 19:10:04,263 - [mainLogger] - INFO - flag is start
2024-10-25 19:10:05,974 - [mainLogger] - INFO - flag is start
2024-10-25 19:10:07,696 - [mainLogger] - INFO - flag is start
2024-10-25 19:10:09,406 - [mainLogger] - INFO - flag is start
2024-10-25 19:10:11,514 - [mainLogger] - INFO - ready is start
2024-10-25 19:13:20,630 - [mainLogger] - INFO - main intializing
2024-10-25 19:13:29,668 - [mainLogger] - INFO - bot True
2024-10-25 19:13:29,669 - [mainLogger] - INFO - ball is start
2024-10-25 19:13:31,097 - [mainLogger] - INFO - ball is start
2024-10-25 19:13:32,219 - [mainLogger] - INFO - ball is start
2024-10-25 19:13:33,392 - [mainLogger] - INFO - ball is start
2024-10-25 19:13:34,575 - [mainLogger] - INFO - walk is start
2024-10-25 19:13:37,456 - [mainLogger] - INFO - walk is start
2024-10-25 19:13:40,364 - [mainLogger] - INFO - walk is start
2024-10-25 19:13:45,857 - [mainLogger] - INFO - flag is start
2024-10-25 19:13:46,367 - [mainLogger] - INFO - flag is start
2024-10-25 19:13:46,514 - [mainLogger] - INFO - flag is start
2024-10-25 19:13:51,193 - [mainLogger] - INFO - flag is start
2024-10-25 19:13:52,896 - [mainLogger] - INFO - flag is start
2024-10-25 19:13:54,599 - [mainLogger] - INFO - flag is start
2024-10-25 19:13:56,308 - [mainLogger] - INFO - flag is start
2024-10-25 19:13:57,983 - [mainLogger] - INFO - flag is start
2024-10-25 19:13:59,693 - [mainLogger] - INFO - flag is start
2024-10-25 19:14:01,397 - [mainLogger] - INFO - flag is start
2024-10-25 19:14:03,107 - [mainLogger] - INFO - flag is start
2024-10-25 19:14:05,221 - [mainLogger] - INFO - ready is start
2024-10-25 19:14:07,036 - [mainLogger] - INFO - ball is start
2024-10-25 19:14:07,540 - [mainLogger] - INFO - ball is start
2024-10-25 19:14:09,190 - [mainLogger] - INFO - ball is start
2024-10-25 19:14:10,286 - [mainLogger] - INFO - ball is start
2024-10-25 19:14:11,398 - [mainLogger] - INFO - ball is start
2024-10-25 19:14:12,607 - [mainLogger] - INFO - walk is start
2024-10-25 19:14:15,505 - [mainLogger] - INFO - walk is start
2024-10-25 19:14:21,003 - [mainLogger] - INFO - flag is start
2024-10-25 19:14:21,500 - [mainLogger] - INFO - flag is start
2024-10-25 19:14:21,646 - [mainLogger] - INFO - flag is start
2024-10-25 19:14:21,805 - [mainLogger] - INFO - flag is start
2024-10-25 19:14:21,986 - [mainLogger] - INFO - flag is start
2024-10-25 19:14:22,133 - [mainLogger] - INFO - flag is start
2024-10-25 19:14:22,287 - [mainLogger] - INFO - flag is start
2024-10-25 19:14:22,432 - [mainLogger] - INFO - flag is start
2024-10-25 19:14:22,887 - [mainLogger] - INFO - flag is start
2024-10-25 19:14:27,572 - [mainLogger] - INFO - flag is start
2024-10-25 19:14:28,077 - [mainLogger] - INFO - flag is start
2024-10-25 19:14:28,225 - [mainLogger] - INFO - flag is start
2024-10-25 19:14:28,375 - [mainLogger] - INFO - flag is start
2024-10-25 19:14:33,095 - [mainLogger] - INFO - flag is start
2024-10-25 19:14:34,810 - [mainLogger] - INFO - flag is start
2024-10-25 19:14:36,520 - [mainLogger] - INFO - flag is start
2024-10-25 19:14:38,234 - [mainLogger] - INFO - flag is start
2024-10-25 19:14:39,948 - [mainLogger] - INFO - flag is start
2024-10-25 19:14:41,665 - [mainLogger] - INFO - flag is start
2024-10-25 19:14:43,379 - [mainLogger] - INFO - flag is start
2024-10-25 19:14:45,057 - [mainLogger] - INFO - flag is start
2024-10-25 19:14:47,168 - [mainLogger] - INFO - ready is start
2024-10-25 19:14:48,873 - [mainLogger] - INFO - ready is start
2024-10-25 19:14:50,584 - [mainLogger] - INFO - ready is start
2024-10-25 19:14:52,299 - [mainLogger] - INFO - ready is start
2024-10-25 19:14:53,974 - [mainLogger] - INFO - ready is start
2024-10-25 19:14:55,985 - [mainLogger] - INFO - ready is start
2024-10-25 19:14:57,790 - [mainLogger] - INFO - ball is start
2024-10-25 19:14:58,302 - [mainLogger] - INFO - ball is start
2024-10-25 19:14:59,972 - [mainLogger] - INFO - ball is start
2024-10-25 19:15:04,382 - [mainLogger] - INFO - ball is start
2024-10-25 19:15:04,575 - [mainLogger] - INFO - ball is start
2024-10-25 19:15:04,740 - [mainLogger] - INFO - ball is start
2024-10-25 19:15:04,890 - [mainLogger] - INFO - ball is start
2024-10-25 19:15:05,031 - [mainLogger] - INFO - ball is start
2024-10-25 19:15:05,185 - [mainLogger] - INFO - ball is start
2024-10-25 19:15:05,357 - [mainLogger] - INFO - ball is start
2024-10-25 19:15:05,808 - [mainLogger] - INFO - ball is start
2024-10-25 19:15:05,963 - [mainLogger] - INFO - ball is start
2024-10-25 19:15:06,147 - [mainLogger] - INFO - ball is start
2024-10-25 19:15:06,323 - [mainLogger] - INFO - ball is start
2024-10-25 19:15:06,485 - [mainLogger] - INFO - ball is start
2024-10-25 19:15:06,636 - [mainLogger] - INFO - ball is start
2024-10-25 19:15:06,788 - [mainLogger] - INFO - ball is start
2024-10-25 19:15:07,235 - [mainLogger] - INFO - ball is start
2024-10-25 19:15:07,382 - [mainLogger] - INFO - ball is start
2024-10-25 19:15:07,530 - [mainLogger] - INFO - ball is start
2024-10-25 19:15:07,702 - [mainLogger] - INFO - ball is start
2024-10-25 19:15:07,865 - [mainLogger] - INFO - ball is start
2024-10-25 19:15:08,016 - [mainLogger] - INFO - ball is start
2024-10-25 19:15:08,166 - [mainLogger] - INFO - ball is start
2024-10-25 19:15:08,616 - [mainLogger] - INFO - ball is start
2024-10-25 19:15:08,759 - [mainLogger] - INFO - ball is start
2024-10-25 19:15:08,909 - [mainLogger] - INFO - ball is start
2024-10-25 19:15:09,061 - [mainLogger] - INFO - ball is start
2024-10-25 19:15:09,225 - [mainLogger] - INFO - ball is start
2024-10-25 19:15:09,392 - [mainLogger] - INFO - ball is start
2024-10-25 19:15:09,539 - [mainLogger] - INFO - ball is start
2024-10-25 19:15:09,988 - [mainLogger] - INFO - ball is start
2024-10-25 19:15:10,130 - [mainLogger] - INFO - ball is start
2024-10-25 19:15:10,287 - [mainLogger] - INFO - ball is start
2024-10-25 19:15:10,453 - [mainLogger] - INFO - ball is start
2024-10-25 19:15:10,635 - [mainLogger] - INFO - ball is start
2024-10-25 19:15:10,786 - [mainLogger] - INFO - ball is start
2024-10-25 19:15:10,931 - [mainLogger] - INFO - ball is start
2024-10-25 19:15:11,385 - [mainLogger] - INFO - ball is start
2024-10-25 19:15:11,589 - [mainLogger] - INFO - ball is start
2024-10-25 19:15:11,738 - [mainLogger] - INFO - ball is start
2024-10-25 19:15:11,881 - [mainLogger] - INFO - ball is start
2024-10-25 19:15:12,030 - [mainLogger] - INFO - ball is start
2024-10-25 19:15:12,179 - [mainLogger] - INFO - ball is start
2024-10-25 19:15:12,332 - [mainLogger] - INFO - ball is start
2024-10-25 19:15:13,993 - [mainLogger] - INFO - ball is start
2024-10-25 19:15:14,467 - [mainLogger] - INFO - ball is start
2024-10-25 19:15:14,626 - [mainLogger] - INFO - ball is start
2024-10-25 19:15:14,782 - [mainLogger] - INFO - ball is start
2024-10-25 19:15:14,965 - [mainLogger] - INFO - ball is start
2024-10-25 19:15:15,113 - [mainLogger] - INFO - ball is start
2024-10-25 19:15:15,255 - [mainLogger] - INFO - ball is start
2024-10-25 19:15:15,412 - [mainLogger] - INFO - ball is start
2024-10-25 19:15:15,863 - [mainLogger] - INFO - ball is start
2024-10-25 19:15:16,006 - [mainLogger] - INFO - ball is start
2024-10-25 19:15:16,153 - [mainLogger] - INFO - ball is start
2024-10-25 19:15:16,309 - [mainLogger] - INFO - ball is start
2024-10-25 19:15:16,483 - [mainLogger] - INFO - ball is start
2024-10-25 19:15:16,632 - [mainLogger] - INFO - ball is start
2024-10-25 19:15:16,791 - [mainLogger] - INFO - ball is start
2024-10-25 19:15:17,245 - [mainLogger] - INFO - ball is start
2024-10-25 19:15:17,430 - [mainLogger] - INFO - ball is start
2024-10-25 19:15:17,583 - [mainLogger] - INFO - ball is start
2024-10-25 19:15:17,733 - [mainLogger] - INFO - ball is start
2024-10-25 19:15:17,909 - [mainLogger] - INFO - ball is start
2024-10-25 19:15:18,078 - [mainLogger] - INFO - ball is start
2024-10-25 19:15:18,236 - [mainLogger] - INFO - ball is start
2024-10-25 19:15:18,687 - [mainLogger] - INFO - ball is start
2024-10-25 19:15:18,837 - [mainLogger] - INFO - ball is start
2024-10-25 19:15:18,988 - [mainLogger] - INFO - ball is start
2024-10-25 19:15:19,132 - [mainLogger] - INFO - ball is start
2024-10-25 19:15:19,283 - [mainLogger] - INFO - ball is start
2024-10-25 19:15:19,459 - [mainLogger] - INFO - ball is start
2024-10-25 19:15:19,611 - [mainLogger] - INFO - ball is start
2024-10-25 19:15:36,236 - [mainLogger] - INFO - main intializing
2024-10-25 19:15:45,311 - [mainLogger] - INFO - bot True
2024-10-25 19:15:45,312 - [mainLogger] - INFO - ball is start
2024-10-25 19:15:46,695 - [mainLogger] - INFO - ball is start
2024-10-25 19:15:47,763 - [mainLogger] - INFO - ball is start
2024-10-25 19:15:49,020 - [mainLogger] - INFO - walk is start
2024-10-25 19:16:21,461 - [mainLogger] - INFO - main intializing
2024-10-25 19:16:30,520 - [mainLogger] - INFO - bot True
2024-10-25 19:16:30,521 - [mainLogger] - INFO - ball is start
2024-10-25 19:16:31,875 - [mainLogger] - INFO - ball is start
2024-10-25 19:16:33,069 - [mainLogger] - INFO - ball is start
2024-10-25 19:16:34,198 - [mainLogger] - INFO - ball is start
2024-10-25 19:16:35,295 - [mainLogger] - INFO - ball is start
2024-10-25 19:16:36,361 - [mainLogger] - INFO - ball is start
2024-10-25 19:16:37,552 - [mainLogger] - INFO - walk is start
2024-10-25 19:16:43,079 - [mainLogger] - INFO - flag is start
2024-10-25 19:16:43,577 - [mainLogger] - INFO - flag is start
2024-10-25 19:16:43,716 - [mainLogger] - INFO - flag is start
2024-10-25 19:16:43,876 - [mainLogger] - INFO - flag is start
2024-10-25 19:16:44,068 - [mainLogger] - INFO - flag is start
2024-10-25 19:16:44,217 - [mainLogger] - INFO - flag is start
2024-10-25 19:16:44,374 - [mainLogger] - INFO - flag is start
2024-10-25 19:16:44,523 - [mainLogger] - INFO - flag is start
2024-10-25 19:16:44,974 - [mainLogger] - INFO - flag is start
2024-10-25 19:16:45,114 - [mainLogger] - INFO - flag is start
2024-10-25 19:16:51,610 - [mainLogger] - INFO - flag is start
2024-10-25 19:16:52,101 - [mainLogger] - INFO - flag is start
2024-10-25 19:16:52,264 - [mainLogger] - INFO - flag is start
2024-10-25 19:16:58,756 - [mainLogger] - INFO - flag is start
2024-10-25 19:17:00,475 - [mainLogger] - INFO - flag is start
2024-10-25 19:17:02,189 - [mainLogger] - INFO - flag is start
2024-10-25 19:17:03,875 - [mainLogger] - INFO - flag is start
2024-10-25 19:17:05,584 - [mainLogger] - INFO - flag is start
2024-10-25 19:17:07,290 - [mainLogger] - INFO - flag is start
2024-10-25 19:17:09,011 - [mainLogger] - INFO - flag is start
2024-10-25 19:17:10,720 - [mainLogger] - INFO - flag is start
2024-10-25 19:20:24,980 - [mainLogger] - INFO - main intializing
2024-10-25 19:20:34,024 - [mainLogger] - INFO - bot True
2024-10-25 19:20:34,025 - [mainLogger] - INFO - ball is start
2024-10-25 19:20:35,434 - [mainLogger] - INFO - ball is start
2024-10-25 19:20:36,502 - [mainLogger] - INFO - ball is start
2024-10-25 19:20:37,651 - [mainLogger] - INFO - ball is start
2024-10-25 19:20:38,732 - [mainLogger] - INFO - ball is start
2024-10-25 19:20:39,828 - [mainLogger] - INFO - ball is start
2024-10-25 19:20:40,919 - [mainLogger] - INFO - ball is start
2024-10-25 19:20:42,037 - [mainLogger] - INFO - ball is start
2024-10-25 19:20:43,250 - [mainLogger] - INFO - walk is start
2024-10-25 19:21:06,590 - [mainLogger] - INFO - main intializing
2024-10-25 19:21:15,608 - [mainLogger] - INFO - bot True
2024-10-25 19:21:15,609 - [mainLogger] - INFO - ball is start
2024-10-25 19:21:16,968 - [mainLogger] - INFO - ball is start
2024-10-25 19:21:18,062 - [mainLogger] - INFO - ball is start
2024-10-25 19:21:19,222 - [mainLogger] - INFO - ball is start
2024-10-25 19:21:20,315 - [mainLogger] - INFO - ball is start
2024-10-25 19:21:21,505 - [mainLogger] - INFO - walk is start
2024-10-25 19:21:24,387 - [mainLogger] - INFO - walk is start
2024-10-25 19:21:27,318 - [mainLogger] - INFO - walk is start
2024-10-25 19:21:32,813 - [mainLogger] - INFO - flag is start
2024-10-25 19:21:33,318 - [mainLogger] - INFO - flag is start
2024-10-25 19:21:33,477 - [mainLogger] - INFO - flag is start
2024-10-25 19:21:41,178 - [mainLogger] - INFO - flag is start
2024-10-25 19:21:41,671 - [mainLogger] - INFO - flag is start
2024-10-25 19:21:49,367 - [mainLogger] - INFO - flag is start
2024-10-25 19:21:49,870 - [mainLogger] - INFO - flag is start
2024-10-25 19:21:57,573 - [mainLogger] - INFO - flag is start
2024-10-25 19:21:58,035 - [mainLogger] - INFO - flag is start
2024-10-25 19:21:58,196 - [mainLogger] - INFO - flag is start
2024-10-25 19:21:58,346 - [mainLogger] - INFO - flag is start
2024-10-25 19:21:58,511 - [mainLogger] - INFO - flag is start
2024-10-25 19:21:58,670 - [mainLogger] - INFO - flag is start
2024-10-25 19:21:58,815 - [mainLogger] - INFO - flag is start
2024-10-25 19:21:58,968 - [mainLogger] - INFO - flag is start
2024-10-25 19:21:59,435 - [mainLogger] - INFO - flag is start
2024-10-25 19:21:59,595 - [mainLogger] - INFO - flag is start
2024-10-25 19:21:59,744 - [mainLogger] - INFO - flag is start
2024-10-25 19:21:59,920 - [mainLogger] - INFO - flag is start
2024-10-25 19:22:00,080 - [mainLogger] - INFO - flag is start
2024-10-25 19:22:00,227 - [mainLogger] - INFO - flag is start
2024-10-25 19:22:00,376 - [mainLogger] - INFO - flag is start
2024-10-25 19:22:00,868 - [mainLogger] - INFO - flag is start
2024-10-25 19:22:01,061 - [mainLogger] - INFO - flag is start
2024-10-25 19:22:01,216 - [mainLogger] - INFO - flag is start
2024-10-25 19:22:01,366 - [mainLogger] - INFO - flag is start
2024-10-25 19:22:09,063 - [mainLogger] - INFO - flag is start
2024-10-25 19:22:10,778 - [mainLogger] - INFO - flag is start
2024-10-25 19:22:12,485 - [mainLogger] - INFO - flag is start
2024-10-25 19:22:14,194 - [mainLogger] - INFO - flag is start
2024-10-25 19:22:15,867 - [mainLogger] - INFO - flag is start
2024-10-25 19:22:17,568 - [mainLogger] - INFO - flag is start
2024-10-25 19:22:18,062 - [mainLogger] - INFO - flag is start
2024-10-25 19:22:18,217 - [mainLogger] - INFO - flag is start
2024-10-25 19:22:18,375 - [mainLogger] - INFO - flag is start
2024-10-25 19:22:18,586 - [mainLogger] - INFO - flag is start
2024-10-25 19:22:18,736 - [mainLogger] - INFO - flag is start
2024-10-25 19:22:18,888 - [mainLogger] - INFO - flag is start
2024-10-25 19:22:19,039 - [mainLogger] - INFO - flag is start
2024-10-25 19:22:19,496 - [mainLogger] - INFO - flag is start
2024-10-25 19:22:19,637 - [mainLogger] - INFO - flag is start
2024-10-25 19:22:19,785 - [mainLogger] - INFO - flag is start
2024-10-25 19:22:19,945 - [mainLogger] - INFO - flag is start
2024-10-28 20:02:43,159 - [mainLogger] - INFO - main intializing
2024-10-28 20:17:28,751 - [mainLogger] - INFO - main intializing
2024-10-28 20:17:37,775 - [mainLogger] - INFO - bot True
2024-10-28 20:17:37,778 - [mainLogger] - INFO - ball is start
2024-10-28 20:20:07,246 - [mainLogger] - INFO - main intializing
2024-10-28 20:20:16,316 - [mainLogger] - INFO - bot True
2024-10-28 20:20:16,316 - [mainLogger] - INFO - ball is start
2024-10-28 20:20:17,810 - [mainLogger] - INFO - ball is start
2024-10-28 20:20:18,921 - [mainLogger] - INFO - ball is start
2024-10-28 20:20:20,000 - [mainLogger] - INFO - ball is start
2024-10-28 20:20:21,092 - [mainLogger] - INFO - ball is start
2024-10-28 20:20:22,180 - [mainLogger] - INFO - ball is start
2024-10-28 20:20:23,239 - [mainLogger] - INFO - ball is start
2024-10-28 20:20:24,340 - [mainLogger] - INFO - ball is start
2024-10-28 20:20:25,530 - [mainLogger] - INFO - walk is start
2024-10-28 20:20:30,178 - [mainLogger] - INFO - walk is start
2024-10-28 20:20:34,539 - [mainLogger] - INFO - walk is start
