2024-10-11 13:46:15,951 - [Robot] - DEBUG - 21
2024-10-11 13:46:15,955 - [Robot] - DEBUG - waiting
2024-10-11 13:46:15,975 - [Robot] - DEBUG - recived 21 []
2024-10-11 13:46:16,258 - [Robot] - DEBUG - end
2024-10-11 13:46:17,261 - [Robot] - DEBUG - 8
2024-10-11 13:46:17,263 - [Robot] - DEBUG - waiting
2024-10-11 13:46:17,279 - [Robot] - DEBUG - recived 8 []
2024-10-11 13:46:17,568 - [Robot] - DEBUG - end
2024-10-11 13:46:17,569 - [Robot] - INFO - now task is ball
2024-10-11 13:46:18,572 - [Robot] - DEBUG - 8
2024-10-11 13:46:18,573 - [Robot] - DEBUG - waiting
2024-10-11 13:46:18,585 - [Robot] - DEBUG - recived 8 []
2024-10-11 13:46:18,876 - [Robot] - DEBUG - end
2024-10-11 13:46:21,856 - [Robot] - DEBUG - 21
2024-10-11 13:46:21,860 - [Robot] - DEBUG - waiting
2024-10-11 13:46:21,871 - [Robot] - DEBUG - recived 21 []
2024-10-11 13:46:22,163 - [Robot] - DEBUG - end
2024-10-11 13:46:22,182 - [Robot] - DEBUG - 40
2024-10-11 13:46:22,184 - [Robot] - DEBUG - waiting
2024-10-11 13:46:22,662 - [Robot] - DEBUG - recived 40 []
2024-10-11 13:46:22,792 - [Robot] - DEBUG - end
2024-10-11 13:46:22,963 - [Robot] - DEBUG - 21
2024-10-11 13:46:22,966 - [Robot] - DEBUG - waiting
2024-10-11 13:46:22,996 - [Robot] - DEBUG - recived 21 []
2024-10-11 13:46:23,269 - [Robot] - DEBUG - end
2024-10-11 13:46:23,273 - [Robot] - DEBUG - 39
2024-10-11 13:46:23,273 - [Robot] - DEBUG - waiting
2024-10-11 13:46:23,773 - [Robot] - DEBUG - recived 39 []
2024-10-11 13:46:23,876 - [Robot] - DEBUG - end
2024-10-11 13:46:24,068 - [Robot] - DEBUG - 21
2024-10-11 13:46:24,069 - [Robot] - DEBUG - waiting
2024-10-11 13:46:24,079 - [Robot] - DEBUG - recived 21 []
2024-10-11 13:46:24,371 - [Robot] - DEBUG - end
2024-10-11 13:46:24,375 - [Robot] - DEBUG - 40
2024-10-11 13:46:24,376 - [Robot] - DEBUG - waiting
2024-10-11 13:46:24,852 - [Robot] - DEBUG - recived 40 []
2024-10-11 13:46:24,978 - [Robot] - DEBUG - end
2024-10-11 13:46:25,144 - [Robot] - DEBUG - 21
2024-10-11 13:46:25,145 - [Robot] - DEBUG - waiting
2024-10-11 13:46:25,155 - [Robot] - DEBUG - recived 21 []
2024-10-11 13:46:25,447 - [Robot] - DEBUG - end
2024-10-11 13:46:25,450 - [Robot] - DEBUG - 40
2024-10-11 13:46:25,451 - [Robot] - DEBUG - waiting
2024-10-11 13:46:25,924 - [Robot] - DEBUG - recived 40 []
2024-10-11 13:46:26,054 - [Robot] - DEBUG - end
2024-10-11 13:46:26,197 - [Robot] - DEBUG - 21
2024-10-11 13:46:26,198 - [Robot] - DEBUG - waiting
2024-10-11 13:46:26,213 - [Robot] - DEBUG - recived 21 []
2024-10-11 13:46:26,501 - [Robot] - DEBUG - end
2024-10-11 13:46:26,507 - [Robot] - DEBUG - 39
2024-10-11 13:46:26,508 - [Robot] - DEBUG - waiting
2024-10-11 13:46:26,995 - [Robot] - DEBUG - recived 39 []
2024-10-11 13:46:27,112 - [Robot] - DEBUG - end
2024-10-11 13:46:27,266 - [Robot] - DEBUG - 21
2024-10-11 13:46:27,267 - [Robot] - DEBUG - waiting
2024-10-11 13:46:27,282 - [Robot] - DEBUG - recived 21 []
2024-10-11 13:46:27,570 - [Robot] - DEBUG - end
2024-10-11 13:46:27,576 - [Robot] - DEBUG - 40
2024-10-11 13:46:27,577 - [Robot] - DEBUG - waiting
2024-10-11 13:46:28,035 - [Robot] - DEBUG - recived 40 []
2024-10-11 13:46:28,180 - [Robot] - DEBUG - end
2024-10-11 13:46:28,325 - [Robot] - DEBUG - 21
2024-10-11 13:46:28,325 - [Robot] - DEBUG - waiting
2024-10-11 13:46:28,340 - [Robot] - DEBUG - recived 21 []
2024-10-11 13:46:28,627 - [Robot] - DEBUG - end
2024-10-11 13:46:28,631 - [Robot] - DEBUG - 39
2024-10-11 13:46:28,632 - [Robot] - DEBUG - waiting
2024-10-11 13:46:29,134 - [Robot] - DEBUG - recived 39 []
2024-10-11 13:46:29,235 - [Robot] - DEBUG - end
2024-10-11 13:46:29,400 - [Robot] - DEBUG - 21
2024-10-11 13:46:29,400 - [Robot] - DEBUG - waiting
2024-10-11 13:46:29,410 - [Robot] - DEBUG - recived 21 []
2024-10-11 13:46:29,702 - [Robot] - DEBUG - end
2024-10-11 13:46:29,706 - [Robot] - DEBUG - 40
2024-10-11 13:46:29,706 - [Robot] - DEBUG - waiting
2024-10-11 13:46:30,177 - [Robot] - DEBUG - recived 40 []
2024-10-11 13:46:30,310 - [Robot] - DEBUG - end
2024-10-11 13:46:30,487 - [Robot] - DEBUG - 21
2024-10-11 13:46:30,491 - [Robot] - DEBUG - waiting
2024-10-11 13:46:30,502 - [Robot] - DEBUG - recived 21 []
2024-10-11 13:46:30,794 - [Robot] - DEBUG - end
2024-10-11 13:46:30,798 - [Robot] - DEBUG - 40
2024-10-11 13:46:30,798 - [Robot] - DEBUG - waiting
2024-10-11 13:46:31,292 - [Robot] - DEBUG - recived 40 []
2024-10-11 13:46:31,401 - [Robot] - DEBUG - end
2024-10-11 13:46:31,546 - [Robot] - DEBUG - 21
2024-10-11 13:46:31,547 - [Robot] - DEBUG - waiting
2024-10-11 13:46:31,557 - [Robot] - DEBUG - recived 21 []
2024-10-11 13:46:31,849 - [Robot] - DEBUG - end
2024-10-11 13:46:31,854 - [Robot] - DEBUG - 39
2024-10-11 13:46:31,854 - [Robot] - DEBUG - waiting
2024-10-11 13:46:32,357 - [Robot] - DEBUG - recived 39 []
2024-10-11 13:46:32,458 - [Robot] - DEBUG - end
2024-10-11 13:46:32,604 - [Robot] - DEBUG - 21
2024-10-11 13:46:32,605 - [Robot] - DEBUG - waiting
2024-10-11 13:46:32,618 - [Robot] - DEBUG - recived 21 []
2024-10-11 13:46:32,907 - [Robot] - DEBUG - end
2024-10-11 13:46:32,913 - [Robot] - DEBUG - 40
2024-10-11 13:46:32,914 - [Robot] - DEBUG - waiting
2024-10-11 13:46:33,378 - [Robot] - DEBUG - recived 40 []
2024-10-11 13:46:33,518 - [Robot] - DEBUG - end
2024-10-11 13:46:33,676 - [Robot] - DEBUG - 21
2024-10-11 13:46:33,678 - [Robot] - DEBUG - waiting
2024-10-11 13:46:33,693 - [Robot] - DEBUG - recived 21 []
2024-10-11 13:46:33,982 - [Robot] - DEBUG - end
2024-10-11 13:46:33,989 - [Robot] - DEBUG - 39
2024-10-11 13:46:33,991 - [Robot] - DEBUG - waiting
2024-10-11 13:46:34,495 - [Robot] - DEBUG - recived 39 []
2024-10-11 13:46:34,595 - [Robot] - DEBUG - end
2024-10-11 13:46:34,754 - [Robot] - DEBUG - 21
2024-10-11 13:46:34,755 - [Robot] - DEBUG - waiting
2024-10-11 13:46:34,772 - [Robot] - DEBUG - recived 21 []
2024-10-11 13:46:35,057 - [Robot] - DEBUG - end
2024-10-11 13:46:35,062 - [Robot] - DEBUG - 40
2024-10-11 13:46:35,063 - [Robot] - DEBUG - waiting
2024-10-11 13:46:35,533 - [Robot] - DEBUG - recived 40 []
2024-10-11 13:46:35,666 - [Robot] - DEBUG - end
2024-10-11 13:46:35,834 - [Robot] - DEBUG - 21
2024-10-11 13:46:35,836 - [Robot] - DEBUG - waiting
2024-10-11 13:46:35,845 - [Robot] - DEBUG - recived 21 []
2024-10-11 13:46:36,138 - [Robot] - DEBUG - end
2024-10-11 13:46:36,145 - [Robot] - DEBUG - 39
2024-10-11 13:46:36,146 - [Robot] - DEBUG - waiting
2024-10-11 13:46:36,643 - [Robot] - DEBUG - recived 39 []
2024-10-11 13:46:36,749 - [Robot] - DEBUG - end
2024-10-11 13:46:36,897 - [Robot] - DEBUG - 21
2024-10-11 13:46:36,898 - [Robot] - DEBUG - waiting
2024-10-11 13:46:36,913 - [Robot] - DEBUG - recived 21 []
2024-10-11 13:46:37,201 - [Robot] - DEBUG - end
2024-10-11 13:46:37,206 - [Robot] - DEBUG - 40
2024-10-11 13:46:37,208 - [Robot] - DEBUG - waiting
2024-10-11 13:46:37,678 - [Robot] - DEBUG - recived 40 []
2024-10-11 13:46:37,811 - [Robot] - DEBUG - end
2024-10-11 13:46:37,963 - [Robot] - DEBUG - 21
2024-10-11 13:46:37,967 - [Robot] - DEBUG - waiting
2024-10-11 13:46:37,977 - [Robot] - DEBUG - recived 21 []
2024-10-11 13:46:38,272 - [Robot] - DEBUG - end
2024-10-11 13:46:38,277 - [Robot] - DEBUG - 40
2024-10-11 13:46:38,278 - [Robot] - DEBUG - waiting
2024-10-11 13:46:38,763 - [Robot] - DEBUG - recived 40 []
2024-10-11 13:46:38,880 - [Robot] - DEBUG - end
2024-10-11 13:46:39,028 - [Robot] - DEBUG - 21
2024-10-11 13:46:39,029 - [Robot] - DEBUG - waiting
2024-10-11 13:46:39,041 - [Robot] - DEBUG - recived 21 []
2024-10-11 13:46:39,331 - [Robot] - DEBUG - end
2024-10-11 13:46:39,336 - [Robot] - DEBUG - 39
2024-10-11 13:46:39,337 - [Robot] - DEBUG - waiting
2024-10-11 13:46:39,837 - [Robot] - DEBUG - recived 39 []
2024-10-11 13:46:39,942 - [Robot] - DEBUG - end
2024-10-11 13:46:40,087 - [Robot] - DEBUG - 21
2024-10-11 13:46:40,094 - [Robot] - DEBUG - waiting
2024-10-11 13:46:40,107 - [Robot] - DEBUG - recived 21 []
2024-10-11 13:46:40,396 - [Robot] - DEBUG - end
2024-10-11 13:46:40,402 - [Robot] - DEBUG - 40
2024-10-11 13:46:40,403 - [Robot] - DEBUG - waiting
2024-10-11 13:46:40,888 - [Robot] - DEBUG - recived 40 []
2024-10-11 13:46:41,006 - [Robot] - DEBUG - end
2024-10-11 13:46:41,172 - [Robot] - DEBUG - 21
2024-10-11 13:46:41,174 - [Robot] - DEBUG - waiting
2024-10-11 13:46:41,186 - [Robot] - DEBUG - recived 21 []
2024-10-11 13:46:41,479 - [Robot] - DEBUG - end
2024-10-11 13:46:41,483 - [Robot] - DEBUG - 40
2024-10-11 13:46:41,484 - [Robot] - DEBUG - waiting
2024-10-11 13:46:41,954 - [Robot] - DEBUG - recived 40 []
2024-10-11 13:46:42,087 - [Robot] - DEBUG - end
2024-10-11 13:46:42,239 - [Robot] - DEBUG - 21
2024-10-11 13:46:42,239 - [Robot] - DEBUG - waiting
2024-10-11 13:46:42,255 - [Robot] - DEBUG - recived 21 []
2024-10-11 13:46:42,542 - [Robot] - DEBUG - end
2024-10-11 13:46:42,546 - [Robot] - DEBUG - 39
2024-10-11 13:46:42,546 - [Robot] - DEBUG - waiting
2024-10-11 13:46:43,039 - [Robot] - DEBUG - recived 39 []
2024-10-11 13:46:43,149 - [Robot] - DEBUG - end
2024-10-11 13:46:43,286 - [Robot] - DEBUG - 21
2024-10-11 13:46:43,290 - [Robot] - DEBUG - waiting
2024-10-11 13:46:43,307 - [Robot] - DEBUG - recived 21 []
2024-10-11 13:46:43,598 - [Robot] - DEBUG - end
2024-10-11 13:46:43,609 - [Robot] - DEBUG - 40
2024-10-11 13:46:43,610 - [Robot] - DEBUG - waiting
2024-10-11 13:46:44,098 - [Robot] - DEBUG - recived 40 []
2024-10-11 13:46:44,217 - [Robot] - DEBUG - end
2024-10-11 13:46:44,362 - [Robot] - DEBUG - 21
2024-10-11 13:46:44,363 - [Robot] - DEBUG - waiting
2024-10-11 13:46:44,385 - [Robot] - DEBUG - recived 21 []
2024-10-11 13:46:44,665 - [Robot] - DEBUG - end
2024-10-11 13:46:44,670 - [Robot] - DEBUG - 39
2024-10-11 13:46:44,671 - [Robot] - DEBUG - waiting
2024-10-11 13:46:45,170 - [Robot] - DEBUG - recived 39 []
2024-10-11 13:46:45,273 - [Robot] - DEBUG - end
2024-10-11 13:46:45,441 - [Robot] - DEBUG - 21
2024-10-11 13:46:45,450 - [Robot] - DEBUG - waiting
2024-10-11 13:46:45,467 - [Robot] - DEBUG - recived 21 []
2024-10-11 13:46:45,756 - [Robot] - DEBUG - end
2024-10-11 13:46:45,761 - [Robot] - DEBUG - 40
2024-10-11 13:46:45,762 - [Robot] - DEBUG - waiting
2024-10-11 13:46:46,218 - [Robot] - DEBUG - recived 40 []
2024-10-11 13:46:46,366 - [Robot] - DEBUG - end
2024-10-11 13:46:46,559 - [Robot] - DEBUG - 21
2024-10-11 13:46:46,559 - [Robot] - DEBUG - waiting
2024-10-11 13:46:46,580 - [Robot] - DEBUG - recived 21 []
2024-10-11 13:46:46,861 - [Robot] - DEBUG - end
2024-10-11 13:46:46,865 - [Robot] - DEBUG - 39
2024-10-11 13:46:46,866 - [Robot] - DEBUG - waiting
2024-10-11 13:46:47,361 - [Robot] - DEBUG - recived 39 []
2024-10-11 13:46:47,468 - [Robot] - DEBUG - end
2024-10-11 13:46:47,681 - [Robot] - DEBUG - 21
2024-10-11 13:46:47,682 - [Robot] - DEBUG - waiting
2024-10-11 13:46:47,690 - [Robot] - DEBUG - recived 21 []
2024-10-11 13:46:47,985 - [Robot] - DEBUG - end
2024-10-11 13:46:47,996 - [Robot] - DEBUG - 40
2024-10-11 13:46:48,000 - [Robot] - DEBUG - waiting
2024-10-11 13:46:48,471 - [Robot] - DEBUG - recived 40 []
2024-10-11 13:46:48,604 - [Robot] - DEBUG - end
2024-10-11 13:46:48,758 - [Robot] - DEBUG - 21
2024-10-11 13:46:48,760 - [Robot] - DEBUG - waiting
2024-10-11 13:46:48,774 - [Robot] - DEBUG - recived 21 []
2024-10-11 13:46:49,064 - [Robot] - DEBUG - end
2024-10-11 13:46:49,070 - [Robot] - DEBUG - 39
2024-10-11 13:46:49,071 - [Robot] - DEBUG - waiting
2024-10-11 13:46:49,574 - [Robot] - DEBUG - recived 39 []
2024-10-11 13:46:49,675 - [Robot] - DEBUG - end
2024-10-11 13:46:49,822 - [Robot] - DEBUG - 21
2024-10-11 13:46:49,823 - [Robot] - DEBUG - waiting
2024-10-11 13:46:49,838 - [Robot] - DEBUG - recived 21 []
2024-10-11 13:46:50,126 - [Robot] - DEBUG - end
2024-10-11 13:46:50,131 - [Robot] - DEBUG - 40
2024-10-11 13:46:50,131 - [Robot] - DEBUG - waiting
2024-10-11 13:46:50,601 - [Robot] - DEBUG - recived 40 []
2024-10-11 13:46:50,735 - [Robot] - DEBUG - end
2024-10-11 13:46:50,921 - [Robot] - DEBUG - 21
2024-10-11 13:46:50,921 - [Robot] - DEBUG - waiting
2024-10-11 13:46:50,934 - [Robot] - DEBUG - recived 21 []
2024-10-11 13:46:51,223 - [Robot] - DEBUG - end
2024-10-11 13:46:51,228 - [Robot] - DEBUG - 40
2024-10-11 13:46:51,228 - [Robot] - DEBUG - waiting
2024-10-11 13:46:51,712 - [Robot] - DEBUG - recived 40 []
2024-10-11 13:46:51,831 - [Robot] - DEBUG - end
2024-10-11 13:46:51,998 - [Robot] - DEBUG - 21
2024-10-11 13:46:51,999 - [Robot] - DEBUG - waiting
2024-10-11 13:46:52,015 - [Robot] - DEBUG - recived 21 []
2024-10-11 13:46:52,301 - [Robot] - DEBUG - end
2024-10-11 13:46:52,305 - [Robot] - DEBUG - 39
2024-10-11 13:46:52,306 - [Robot] - DEBUG - waiting
2024-10-11 13:46:52,813 - [Robot] - DEBUG - recived 39 []
2024-10-11 13:46:52,909 - [Robot] - DEBUG - end
2024-10-11 13:46:53,056 - [Robot] - DEBUG - 21
2024-10-11 13:46:53,057 - [Robot] - DEBUG - waiting
2024-10-11 13:46:53,070 - [Robot] - DEBUG - recived 21 []
2024-10-11 13:46:53,359 - [Robot] - DEBUG - end
2024-10-11 13:46:53,363 - [Robot] - DEBUG - 40
2024-10-11 13:46:53,364 - [Robot] - DEBUG - waiting
2024-10-11 13:46:53,831 - [Robot] - DEBUG - recived 40 []
2024-10-11 13:46:53,967 - [Robot] - DEBUG - end
2024-10-11 13:46:54,155 - [Robot] - DEBUG - 21
2024-10-11 13:46:54,156 - [Robot] - DEBUG - waiting
2024-10-11 13:46:54,169 - [Robot] - DEBUG - recived 21 []
2024-10-11 13:46:54,458 - [Robot] - DEBUG - end
2024-10-11 13:46:54,462 - [Robot] - DEBUG - 39
2024-10-11 13:46:54,463 - [Robot] - DEBUG - waiting
2024-10-11 13:46:54,967 - [Robot] - DEBUG - recived 39 []
2024-10-11 13:46:55,065 - [Robot] - DEBUG - end
2024-10-11 13:46:55,224 - [Robot] - DEBUG - 21
2024-10-11 13:46:55,225 - [Robot] - DEBUG - waiting
2024-10-11 13:46:55,247 - [Robot] - DEBUG - recived 21 []
2024-10-11 13:46:55,531 - [Robot] - DEBUG - end
2024-10-11 13:46:55,537 - [Robot] - DEBUG - 40
2024-10-11 13:46:55,538 - [Robot] - DEBUG - waiting
2024-10-11 13:46:56,010 - [Robot] - DEBUG - recived 40 []
2024-10-11 13:46:56,144 - [Robot] - DEBUG - end
2024-10-11 13:46:56,293 - [Robot] - DEBUG - 21
2024-10-11 13:46:56,297 - [Robot] - DEBUG - waiting
2024-10-11 13:46:56,310 - [Robot] - DEBUG - recived 21 []
2024-10-11 13:46:56,604 - [Robot] - DEBUG - end
2024-10-11 13:46:56,607 - [Robot] - DEBUG - 39
2024-10-11 13:46:56,608 - [Robot] - DEBUG - waiting
2024-10-11 13:46:57,091 - [Robot] - DEBUG - recived 39 []
2024-10-11 13:46:57,211 - [Robot] - DEBUG - end
2024-10-11 13:46:57,368 - [Robot] - DEBUG - 21
2024-10-11 13:46:57,369 - [Robot] - DEBUG - waiting
2024-10-11 13:46:57,381 - [Robot] - DEBUG - recived 21 []
2024-10-11 13:46:57,670 - [Robot] - DEBUG - end
2024-10-11 13:46:57,675 - [Robot] - DEBUG - 40
2024-10-11 13:46:57,676 - [Robot] - DEBUG - waiting
2024-10-11 13:46:58,152 - [Robot] - DEBUG - recived 40 []
2024-10-11 13:46:58,279 - [Robot] - DEBUG - end
2024-10-11 13:46:58,456 - [Robot] - DEBUG - 21
2024-10-11 13:46:58,459 - [Robot] - DEBUG - waiting
2024-10-11 13:46:58,476 - [Robot] - DEBUG - recived 21 []
2024-10-11 13:46:58,767 - [Robot] - DEBUG - end
2024-10-11 13:46:58,775 - [Robot] - DEBUG - 39
2024-10-11 13:46:58,777 - [Robot] - DEBUG - waiting
2024-10-11 14:17:19,461 - [Robot] - INFO - now task is ball
2024-10-11 14:17:28,201 - [Robot] - INFO - now task is walk
2024-10-11 14:17:31,609 - [Robot] - INFO - now task is ball
2024-10-11 14:26:26,243 - [Robot] - INFO - now task is ball
2024-10-11 14:26:32,975 - [Robot] - INFO - now task is walk
2024-10-11 14:26:45,216 - [Robot] - INFO - now task is ball
2024-10-11 14:27:00,991 - [Robot] - INFO - now task is walk
2024-10-11 14:30:39,770 - [Robot] - INFO - now task is ball
2024-10-11 14:30:48,621 - [Robot] - INFO - now task is walk
2024-10-11 15:20:24,203 - [Robot] - INFO - now task is ball
2024-10-11 15:20:30,908 - [Robot] - INFO - now task is walk
2024-10-11 15:20:40,212 - [Robot] - INFO - now task is flag
2024-10-11 15:41:27,844 - [Robot] - INFO - now task is ball
2024-10-11 15:41:36,960 - [Robot] - INFO - now task is walk
2024-10-11 15:41:49,144 - [Robot] - INFO - now task is flag
